build/app/outputs/mapping/release/mapping.txt
# compiler: R8
# compiler_version: 1.5.64
# min_api: 19
# pg_map_id: 6584cca
com.example.griyabayar.Application -> com.example.griyabayar.Application:
    void registerWith(io.flutter.plugin.common.PluginRegistry) -> a
...
androidx.multidex.MultiDex$V14$ElementConstructor -> b.l.a$a$a:
    java.lang.Object newInstance(java.io.File,dalvik.system.DexFile) -> a
androidx.multidex.MultiDex$V14$ICSElementConstructor -> b.l.a$a$b:
    java.lang.reflect.Constructor elementConstructor -> a
    java.lang.Object newInstance(java.io.File,dalvik.system.DexFile) -> a
androidx.multidex.MultiDex$V14$JBMR11ElementConstructor -> b.l.a$a$c:
    java.lang.reflect.Constructor elementConstructor -> a
    java.lang.Object newInstance(java.io.File,dalvik.system.DexFile) -> a
androidx.multidex.MultiDex$V14$JBMR2ElementConstructor -> b.l.a$a$d:
    java.lang.reflect.Constructor elementConstructor -> a
    java.lang.Object newInstance(java.io.File,dalvik.system.DexFile) -> a
androidx.multidex.MultiDex$V19 -> b.l.a$b:
    void install(java.lang.ClassLoader,java.util.List,java.io.File) -> a
    java.lang.Object[] makeDexElements(java.lang.Object,java.util.ArrayList,java.io.File,java.util.ArrayList) -> a
androidx.multidex.MultiDex$V4 -> b.l.a$c:
    void install(java.lang.ClassLoader,java.util.List) -> a
androidx.multidex.MultiDexExtractor -> b.l.b:
    java.io.File sourceApk -> c
    java.io.File dexDir -> e
    java.io.RandomAccessFile lockRaf -> f
    java.nio.channels.FileLock cacheLock -> h
    long sourceCrc -> d
    java.nio.channels.FileChannel lockChannel -> g
    void clearDexDir() -> a
    void closeQuietly(java.io.Closeable) -> a
    void extract(java.util.zip.ZipFile,java.util.zip.ZipEntry,java.io.File,java.lang.String) -> a
    android.content.SharedPreferences getMultiDexPreferences(android.content.Context) -> a
    long getTimeStamp(java.io.File) -> a
    boolean isModified(android.content.Context,java.io.File,long,java.lang.String) -> a
    java.util.List load(android.content.Context,java.lang.String,boolean) -> a
    java.util.List loadExistingExtractions(android.content.Context,java.lang.String) -> a
    void putStoredApkInfo(android.content.Context,java.lang.String,long,long,java.util.List) -> a
    long getZipCrc(java.io.File) -> b
    java.util.List performExtractions() -> b
androidx.multidex.MultiDexExtractor$1 -> b.l.b$a:
androidx.multidex.MultiDexExtractor$ExtractedDex -> b.l.b$b:
    long crc -> c
androidx.multidex.ZipUtil -> b.l.c:
    long computeCrcOfCentralDir(java.io.RandomAccessFile,androidx.multidex.ZipUtil$CentralDirectory) -> a
    androidx.multidex.ZipUtil$CentralDirectory findCentralDirectory(java.io.RandomAccessFile) -> a
    long getZipCrc(java.io.File) -> a
androidx.multidex.ZipUtil$CentralDirectory -> b.l.c$a:
    long size -> b
    long offset -> a
androidx.savedstate.Recreator -> androidx.savedstate.Recreator:
    androidx.savedstate.SavedStateRegistryOwner mOwner -> a
    void onStateChanged(androidx.lifecycle.LifecycleOwner,androidx.lifecycle.Lifecycle$Event) -> a
    void reflectiveNew(java.lang.String) -> a
androidx.savedstate.SavedStateRegistry -> androidx.savedstate.SavedStateRegistry:
    android.os.Bundle mRestoredState -> b
    androidx.arch.core.internal.SafeIterableMap mComponents -> a
    boolean mRestored -> c
    boolean mAllowingSavingState -> d
    android.os.Bundle consumeRestoredStateForKey(java.lang.String) -> a
    void performRestore(androidx.lifecycle.Lifecycle,android.os.Bundle) -> a
    void performSave(android.os.Bundle) -> a
androidx.savedstate.SavedStateRegistry$1 -> androidx.savedstate.SavedStateRegistry$1:
    androidx.savedstate.SavedStateRegistry this$0 -> a
    void onStateChanged(androidx.lifecycle.LifecycleOwner,androidx.lifecycle.Lifecycle$Event) -> a
androidx.savedstate.SavedStateRegistry$AutoRecreated -> androidx.savedstate.SavedStateRegistry$a:
    void onRecreated(androidx.savedstate.SavedStateRegistryOwner) -> a
androidx.savedstate.SavedStateRegistry$SavedStateProvider -> androidx.savedstate.SavedStateRegistry$b:
    android.os.Bundle saveState() -> a